<?xml version="1.0" encoding="UTF-8"?>
<testsuite name="RestaurantTest" tests="2" skipped="0" failures="0" errors="0" timestamp="2016-02-16T17:35:21" hostname="epicodus-66.local" time="0.002">
  <properties/>
  <testcase name="setPriceRange_setsPriceRangeFromUserInput_Deluxe" classname="RestaurantTest" time="0.001"/>
  <testcase name="Restaurant_instantiatesCorrectly_true" classname="RestaurantTest" time="0.001"/>
  <system-out><![CDATA[]]></system-out>
  <system-err><![CDATA[]]></system-err>
</testsuite>
