<?xml version="1.0" encoding="UTF-8"?>
<testsuite name="RestaurantTest" tests="1" skipped="0" failures="0" errors="0" timestamp="2016-02-16T17:25:55" hostname="epicodus-66.local" time="0.0">
  <properties/>
  <testcase name="Restaurant_instantiatesCorrectly_true" classname="RestaurantTest" time="0.0"/>
  <system-out><![CDATA[]]></system-out>
  <system-err><![CDATA[]]></system-err>
</testsuite>
